<?xml version="1.0" encoding="UTF-8"?>
<testsuite name="com.eodessa.store.controller.StoreControllerSpec" tests="1" skipped="0" failures="0" errors="0" timestamp="2018-05-21T21:38:44" hostname="186590d2a747" time="0.036">
  <properties/>
  <testcase name="Expect valid store info when calling getByName(demo)" classname="com.eodessa.store.controller.StoreControllerSpec" time="0.036"/>
  <system-out><![CDATA[14:38:44.184 [Test worker] DEBUG org.springframework.web.client.RestTemplate - Created GET request for "http://localhost:6100/stores/demo"
14:38:44.185 [Test worker] DEBUG org.springframework.web.client.RestTemplate - Setting request Accept header to [text/plain, application/json, application/*+json, */*]
14:38:44.212 [Test worker] DEBUG org.springframework.web.client.RestTemplate - GET request for "http://localhost:6100/stores/demo" resulted in 200 (null)
14:38:44.213 [Test worker] DEBUG org.springframework.web.client.RestTemplate - Reading [java.lang.String] as "application/json;charset=UTF-8" using [org.springframework.http.converter.StringHttpMessageConverter@587a9c]
14:38:44.216 [Test worker] DEBUG com.jayway.jsonpath.internal.path.CompiledPath - Evaluating path: $[?]
14:38:44.216 [Test worker] DEBUG com.jayway.jsonpath.internal.path.CompiledPath - Evaluating path: @['name']
14:38:44.217 [Test worker] DEBUG com.jayway.jsonpath.internal.path.CompiledPath - Evaluating path: $[?]
14:38:44.217 [Test worker] DEBUG com.jayway.jsonpath.internal.path.CompiledPath - Evaluating path: @['storename']
]]></system-out>
  <system-err><![CDATA[]]></system-err>
</testsuite>
