<?xml version="1.0" encoding="UTF-8"?>
<testsuite name="com.eodessa.appointment.controller.AppointmentControllerSpec" tests="1" skipped="0" failures="0" errors="0" timestamp="2018-05-21T21:38:39" hostname="186590d2a747" time="4.927">
  <properties/>
  <testcase name="Expect valid appointment info when calling getAppointmentByName(demo)" classname="com.eodessa.appointment.controller.AppointmentControllerSpec" time="4.927"/>
  <system-out><![CDATA[14:38:39.202 [Test worker] DEBUG org.springframework.web.client.RestTemplate - Created GET request for "http://localhost/appointments/demo"
14:38:39.202 [Test worker] DEBUG org.springframework.web.client.RestTemplate - Setting request Accept header to [text/plain, application/json, application/*+json, */*]
14:38:44.107 [Test worker] DEBUG org.springframework.web.client.RestTemplate - GET request for "http://localhost/appointments/demo" resulted in 200 (null)
14:38:44.112 [Test worker] DEBUG org.springframework.web.client.RestTemplate - Reading [java.lang.String] as "application/json;charset=UTF-8" using [org.springframework.http.converter.StringHttpMessageConverter@65716c44]
14:38:44.120 [Test worker] DEBUG com.jayway.jsonpath.internal.path.CompiledPath - Evaluating path: $[?]
14:38:44.121 [Test worker] DEBUG com.jayway.jsonpath.internal.path.CompiledPath - Evaluating path: @['id']
14:38:44.126 [Test worker] DEBUG com.jayway.jsonpath.internal.path.CompiledPath - Evaluating path: $[?]
14:38:44.126 [Test worker] DEBUG com.jayway.jsonpath.internal.path.CompiledPath - Evaluating path: @['description']
]]></system-out>
  <system-err><![CDATA[]]></system-err>
</testsuite>
